2025-04-28 19:59:50 [main] INFO  server.managers.PSQLManager - SSH туннель установлен
2025-04-28 19:59:50 [main] INFO  server.managers.PSQLManager - БД подключена
2025-04-28 19:59:50 [main] DEBUG server.managers.PSQLManager - Выгрузка данных с БД...
2025-04-28 19:59:50 [main] DEBUG server.managers.PSQLManager - Данные с БД выгружены
2025-04-28 19:59:50 [main] DEBUG server.managers.PSQLManager - Отключение от БД
2025-04-28 19:59:50 [main] INFO  server.managers.RunManager - Запуск сервера...
2025-04-28 19:59:50 [main] INFO  server.managers.RunManager - Сервер начал слушать на адресе 192.168.0.13 и порту 2909 и обрабатывать запросы
2025-04-28 19:59:52 [main] INFO  client.client.UDPClient - Запуск клиента...
2025-04-28 19:59:52 [main] INFO  client.client.UDPClient - Клиент запущен
2025-04-28 19:59:59 [main] DEBUG client.client.UDPClient - Отправка запроса на сервер...
2025-04-28 19:59:59 [main] DEBUG server.server.UDPDatagramChannel - Сервер ожидает пакет...
2025-04-28 19:59:59 [main] DEBUG server.server.UDPDatagramChannel - Клиент с адресом /192.168.0.13:60126 подключился
2025-04-28 19:59:59 [main] DEBUG client.client.UDPClient - Запрос отправлен: Request{message="log_in", clientAddress="/192.168.0.13:60126"}
2025-04-28 19:59:59 [main] DEBUG client.client.UDPClient - Ожидание ответа от сервера...
2025-04-28 19:59:59 [main] DEBUG server.server.UDPDatagramChannel - Сервер получил пакет: Request{message="log_in", clientAddress="/192.168.0.13:60126"} 
2025-04-28 19:59:59 [pool-2-thread-1] INFO  server.managers.PSQLManager - SSH туннель установлен
2025-04-28 19:59:59 [pool-2-thread-1] INFO  server.managers.PSQLManager - БД подключена
2025-04-28 19:59:59 [pool-2-thread-1] DEBUG server.managers.PSQLManager - Отключение от БД
2025-04-28 19:59:59 [Thread-7] DEBUG server.server.UDPDatagramChannel - Сервер отправляет ответ...
2025-04-28 19:59:59 [Thread-7] DEBUG server.server.UDPDatagramChannel - Сервер отправил пакет: Response{message="[32mАвторизация прошла успешно
[0m", type=PRINT_MESSAGE, collection=null}
2025-04-28 19:59:59 [main] DEBUG client.client.UDPClient - Ответ получен: Response{message="[32mАвторизация прошла успешно
[0m", type=PRINT_MESSAGE, collection=null}
2025-04-28 20:00:02 [main] DEBUG client.client.UDPClient - Отправка запроса на сервер...
2025-04-28 20:00:02 [main] DEBUG server.server.UDPDatagramChannel - Сервер ожидает пакет...
2025-04-28 20:00:02 [main] DEBUG server.server.UDPDatagramChannel - Клиент с адресом /192.168.0.13:60126 подключился
2025-04-28 20:00:02 [main] DEBUG client.client.UDPClient - Запрос отправлен: Request{message="show", clientAddress="/192.168.0.13:60126"}
2025-04-28 20:00:02 [main] DEBUG client.client.UDPClient - Ожидание ответа от сервера...
2025-04-28 20:00:02 [main] DEBUG server.server.UDPDatagramChannel - Сервер получил пакет: Request{message="show", clientAddress="/192.168.0.13:60126"} 
2025-04-28 20:00:02 [Thread-9] DEBUG server.server.UDPDatagramChannel - Сервер отправляет ответ...
2025-04-28 20:00:02 [Thread-9] DEBUG server.server.UDPDatagramChannel - Сервер отправил пакет: Response{message="", type=COLLECTION, collection=[{id=2, name='3', Coordinates={x=3.0, y=3}, creationDate='2025-04-27T18:17:11.632041+03:00[Europe/Moscow]', oscarsCount=3, genre='HORROR', mpaaRating='PG_13', operator=null}, {id=3, name='1', Coordinates={x=1.0, y=1}, creationDate='2025-04-27T18:35:52.178543+03:00[Europe/Moscow]', oscarsCount=1, genre='DRAMA', mpaaRating='G', operator=null}]}
2025-04-28 20:00:02 [main] DEBUG client.client.UDPClient - Ответ получен: Response{message="", type=COLLECTION, collection=[{id=2, name='3', Coordinates={x=3.0, y=3}, creationDate='2025-04-27T18:17:11.632041+03:00[Europe/Moscow]', oscarsCount=3, genre='HORROR', mpaaRating='PG_13', operator=null}, {id=3, name='1', Coordinates={x=1.0, y=1}, creationDate='2025-04-27T18:35:52.178543+03:00[Europe/Moscow]', oscarsCount=1, genre='DRAMA', mpaaRating='G', operator=null}]}
2025-04-28 20:00:23 [main] INFO  client.commands.buildcommands.Update - Команда выполняется...
2025-04-28 20:00:23 [main] DEBUG client.commands.buildcommands.Update - Заполнение Movie...
2025-04-28 20:00:23 [main] DEBUG client.commands.buildcommands.Update - Заполнение имени...
2025-04-28 20:00:24 [main] DEBUG client.commands.buildcommands.Update - Имя заполнено
2025-04-28 20:00:24 [main] DEBUG client.commands.buildcommands.Update - Заполнение координат...
2025-04-28 20:00:24 [main] DEBUG client.commands.buildcommands.Update - Заполнение х...
2025-04-28 20:00:24 [main] DEBUG client.commands.buildcommands.Update - х заполнен
2025-04-28 20:00:24 [main] DEBUG client.commands.buildcommands.Update - Заполнение y
2025-04-28 20:00:25 [main] DEBUG client.commands.buildcommands.Update - y заполнен
2025-04-28 20:00:25 [main] DEBUG client.commands.buildcommands.Update - Координаты заполнены
2025-04-28 20:00:25 [main] DEBUG client.commands.buildcommands.Update - Заполнение кол-ва оскаров...
2025-04-28 20:00:25 [main] DEBUG client.commands.buildcommands.Update - Кол-во оскаров заполнено
2025-04-28 20:00:25 [main] DEBUG client.commands.buildcommands.Update - Заполнение жанра...
2025-04-28 20:00:25 [main] DEBUG client.commands.buildcommands.Update - Жанр заполнен
2025-04-28 20:00:25 [main] DEBUG client.commands.buildcommands.Update - Заполнение мпаа рейтинга...
2025-04-28 20:00:27 [main] DEBUG client.commands.buildcommands.Update - Мпаа рейтинг заполнен
2025-04-28 20:00:29 [main] DEBUG client.commands.buildcommands.Update - Movie заполнен
2025-04-28 20:00:29 [main] DEBUG client.client.UDPClient - Отправка запроса на сервер...
2025-04-28 20:00:29 [main] DEBUG server.server.UDPDatagramChannel - Сервер ожидает пакет...
2025-04-28 20:00:29 [main] DEBUG server.server.UDPDatagramChannel - Клиент с адресом /192.168.0.13:60126 подключился
2025-04-28 20:00:29 [main] DEBUG client.client.UDPClient - Запрос отправлен: Request{message="update 3", clientAddress="/192.168.0.13:60126"}
2025-04-28 20:00:29 [main] DEBUG client.client.UDPClient - Ожидание ответа от сервера...
2025-04-28 20:00:29 [main] DEBUG server.server.UDPDatagramChannel - Сервер получил пакет: Request{message="update 3", clientAddress="/192.168.0.13:60126"} 
2025-04-28 20:00:29 [pool-2-thread-1] INFO  server.commands.Update - Выполнение команды...
2025-04-28 20:00:30 [pool-2-thread-1] INFO  server.managers.PSQLManager - SSH туннель установлен
2025-04-28 20:00:30 [pool-2-thread-1] INFO  server.managers.PSQLManager - БД подключена
2025-04-28 20:00:30 [pool-2-thread-1] DEBUG server.managers.PSQLManager - Отключение от БД
2025-04-28 20:00:30 [pool-2-thread-1] DEBUG server.managers.PSQLManager - Добавление данных в БД: {id=3, name='2', Coordinates={x=2.0, y=2}, creationDate='2025-04-28T20:00:29.878838900+03:00[Europe/Moscow]', oscarsCount=2, genre='MUSICAL', mpaaRating='PG', operator=null}...
2025-04-28 20:00:30 [pool-2-thread-1] INFO  server.managers.PSQLManager - SSH туннель установлен
2025-04-28 20:00:30 [pool-2-thread-1] INFO  server.managers.PSQLManager - БД подключена
2025-04-28 20:00:30 [main] WARN  client.client.UDPClient - Попытка 1: Таймаут ожидания ответа от сервера.
2025-04-28 20:00:30 [main] DEBUG client.client.UDPClient - Отправка запроса на сервер...
2025-04-28 20:00:30 [main] DEBUG server.server.UDPDatagramChannel - Сервер ожидает пакет...
2025-04-28 20:00:30 [main] DEBUG server.server.UDPDatagramChannel - Клиент с адресом /192.168.0.13:60126 подключился
2025-04-28 20:00:30 [main] DEBUG client.client.UDPClient - Запрос отправлен: Request{message="update 3", clientAddress="/192.168.0.13:60126"}
2025-04-28 20:00:30 [main] DEBUG client.client.UDPClient - Ожидание ответа от сервера...
2025-04-28 20:00:30 [main] DEBUG server.server.UDPDatagramChannel - Сервер получил пакет: Request{message="update 3", clientAddress="/192.168.0.13:60126"} 
2025-04-28 20:00:30 [pool-2-thread-2] INFO  server.commands.Update - Выполнение команды...
2025-04-28 20:00:30 [pool-2-thread-1] DEBUG server.managers.PSQLManager - Данные в БД добавлены
2025-04-28 20:00:30 [pool-2-thread-1] DEBUG server.managers.PSQLManager - Отключение от БД
2025-04-28 20:00:30 [pool-2-thread-1] INFO  server.commands.Update - Команда выполнена
2025-04-28 20:00:30 [Thread-18] DEBUG server.server.UDPDatagramChannel - Сервер отправляет ответ...
2025-04-28 20:00:30 [Thread-18] DEBUG server.server.UDPDatagramChannel - Сервер отправил пакет: Response{message="[32mЭлемент с id 3 успешно обновлен
[0m", type=PRINT_MESSAGE, collection=null}
2025-04-28 20:00:30 [main] DEBUG client.client.UDPClient - Ответ получен: Response{message="[32mЭлемент с id 3 успешно обновлен
[0m", type=PRINT_MESSAGE, collection=null}
2025-04-28 20:00:30 [pool-2-thread-2] ERROR server.managers.PSQLManager - Ошибка при подключении SSH
com.jcraft.jsch.JSchException: Session.connect: java.net.SocketException: Socket closed
	at com.jcraft.jsch.Session.connect(Session.java:565) ~[jsch-0.1.55.jar:?]
	at com.jcraft.jsch.Session.connect(Session.java:183) ~[jsch-0.1.55.jar:?]
	at server.managers.PSQLManager.connect(PSQLManager.java:54) ~[classes/:?]
	at server.managers.PSQLManager.deleteMovie(PSQLManager.java:234) ~[classes/:?]
	at server.managers.CollectionManager.updateById(CollectionManager.java:66) ~[classes/:?]
	at server.commands.Update.execute(Update.java:37) ~[classes/:?]
	at server.managers.RunManager.executeCommandFromClient(RunManager.java:159) ~[classes/:?]
	at server.managers.RunManager.lambda$handleClientRequest$2(RunManager.java:139) ~[classes/:?]
	at java.util.concurrent.Executors$RunnableAdapter.call(Executors.java:572) ~[?:?]
	at java.util.concurrent.FutureTask.run(FutureTask.java:317) ~[?:?]
	at java.util.concurrent.ThreadPoolExecutor.runWorker(ThreadPoolExecutor.java:1144) ~[?:?]
	at java.util.concurrent.ThreadPoolExecutor$Worker.run(ThreadPoolExecutor.java:642) ~[?:?]
	at java.lang.Thread.run(Thread.java:1583) [?:?]
2025-04-28 20:00:30 [main] INFO  client.commands.buildcommands.Update - Команда выполнена
2025-04-28 20:00:33 [main] DEBUG client.client.UDPClient - Отправка запроса на сервер...
2025-04-28 20:00:33 [main] DEBUG server.server.UDPDatagramChannel - Сервер ожидает пакет...
2025-04-28 20:00:33 [main] DEBUG client.client.UDPClient - Запрос отправлен: Request{message="show", clientAddress="/192.168.0.13:60126"}
2025-04-28 20:00:33 [main] DEBUG client.client.UDPClient - Ожидание ответа от сервера...
2025-04-28 20:00:33 [main] DEBUG server.server.UDPDatagramChannel - Клиент с адресом /192.168.0.13:60126 подключился
2025-04-28 20:00:33 [main] DEBUG server.server.UDPDatagramChannel - Сервер получил пакет: Request{message="show", clientAddress="/192.168.0.13:60126"} 
2025-04-28 20:00:33 [Thread-20] DEBUG server.server.UDPDatagramChannel - Сервер отправляет ответ...
2025-04-28 20:00:33 [main] DEBUG client.client.UDPClient - Ответ получен: Response{message="", type=COLLECTION, collection=[{id=2, name='3', Coordinates={x=3.0, y=3}, creationDate='2025-04-27T18:17:11.632041+03:00[Europe/Moscow]', oscarsCount=3, genre='HORROR', mpaaRating='PG_13', operator=null}, {id=3, name='2', Coordinates={x=2.0, y=2}, creationDate='2025-04-28T20:00:29.878838900+03:00[Europe/Moscow]', oscarsCount=2, genre='MUSICAL', mpaaRating='PG', operator=null}]}
2025-04-28 20:00:33 [Thread-20] DEBUG server.server.UDPDatagramChannel - Сервер отправил пакет: Response{message="", type=COLLECTION, collection=[{id=2, name='3', Coordinates={x=3.0, y=3}, creationDate='2025-04-27T18:17:11.632041+03:00[Europe/Moscow]', oscarsCount=3, genre='HORROR', mpaaRating='PG_13', operator=null}, {id=3, name='2', Coordinates={x=2.0, y=2}, creationDate='2025-04-28T20:00:29.878838900+03:00[Europe/Moscow]', oscarsCount=2, genre='MUSICAL', mpaaRating='PG', operator=null}]}
2025-04-28 20:05:31 [main] INFO  client.client.UDPClient - Запуск клиента...
2025-04-28 20:05:31 [main] INFO  client.client.UDPClient - Клиент запущен
2025-04-28 20:05:37 [main] INFO  server.managers.PSQLManager - SSH туннель установлен
2025-04-28 20:05:37 [main] INFO  server.managers.PSQLManager - БД подключена
2025-04-28 20:05:37 [main] DEBUG server.managers.PSQLManager - Выгрузка данных с БД...
2025-04-28 20:05:37 [main] DEBUG server.managers.PSQLManager - Данные с БД выгружены
2025-04-28 20:05:37 [main] DEBUG server.managers.PSQLManager - Отключение от БД
2025-04-28 20:05:37 [main] INFO  server.managers.RunManager - Запуск сервера...
2025-04-28 20:05:37 [main] INFO  server.managers.RunManager - Сервер начал слушать на адресе 192.168.0.13 и порту 2909 и обрабатывать запросы
2025-04-28 20:05:42 [main] INFO  server.commands.server.Exit - Команда выполняется
2025-04-28 20:05:42 [main] INFO  server.commands.server.Exit - Команда выполнена
2025-04-28 20:05:46 [main] INFO  server.managers.PSQLManager - SSH туннель установлен
2025-04-28 20:05:47 [main] INFO  server.managers.PSQLManager - БД подключена
2025-04-28 20:05:47 [main] DEBUG server.managers.PSQLManager - Выгрузка данных с БД...
2025-04-28 20:05:47 [main] DEBUG server.managers.PSQLManager - Данные с БД выгружены
2025-04-28 20:05:47 [main] DEBUG server.managers.PSQLManager - Отключение от БД
2025-04-28 20:05:47 [main] INFO  server.managers.RunManager - Запуск сервера...
2025-04-28 20:05:47 [main] INFO  server.managers.RunManager - Сервер начал слушать на адресе 192.168.0.13 и порту 2909 и обрабатывать запросы
2025-04-29 16:53:45 [main] ERROR server.managers.PSQLManager - Не найден файл с паролем от Helios
java.io.FileNotFoundException: D:\Files\Projects\java\ProgLab7\.heliospass (Нет такого файла или каталога)
	at java.io.FileInputStream.open0(Native Method) ~[?:?]
	at java.io.FileInputStream.open(FileInputStream.java:213) ~[?:?]
	at java.io.FileInputStream.<init>(FileInputStream.java:152) ~[?:?]
	at java.io.FileInputStream.<init>(FileInputStream.java:106) ~[?:?]
	at java.io.FileReader.<init>(FileReader.java:60) ~[?:?]
	at server.managers.PSQLManager.<init>(PSQLManager.java:32) [classes/:?]
	at server.managers.RunManager.<init>(RunManager.java:51) [classes/:?]
	at server.Main.main(Main.java:10) [classes/:?]
2025-04-29 16:54:59 [main] ERROR server.managers.PSQLManager - Не найден файл с паролем от Helios
java.io.FileNotFoundException: D:\Files\Projects\java\ProgLab7\.heliospass (Нет такого файла или каталога)
	at java.io.FileInputStream.open0(Native Method) ~[?:?]
	at java.io.FileInputStream.open(FileInputStream.java:213) ~[?:?]
	at java.io.FileInputStream.<init>(FileInputStream.java:152) ~[?:?]
	at java.io.FileInputStream.<init>(FileInputStream.java:106) ~[?:?]
	at java.io.FileReader.<init>(FileReader.java:60) ~[?:?]
	at server.managers.PSQLManager.<init>(PSQLManager.java:32) [classes/:?]
	at server.managers.RunManager.<init>(RunManager.java:51) [classes/:?]
	at server.Main.main(Main.java:10) [classes/:?]
2025-04-29 16:55:35 [main] INFO  server.managers.PSQLManager - SSH туннель установлен
2025-04-29 16:55:36 [main] INFO  server.managers.PSQLManager - БД подключена
2025-04-29 16:55:36 [main] DEBUG server.managers.PSQLManager - Выгрузка данных с БД...
2025-04-29 16:55:36 [main] DEBUG server.managers.PSQLManager - Данные с БД выгружены
2025-04-29 16:55:36 [main] DEBUG server.managers.PSQLManager - Отключение от БД
2025-04-29 16:55:36 [main] INFO  server.managers.RunManager - Запуск сервера...
2025-04-29 16:55:36 [main] INFO  server.managers.RunManager - Сервер начал слушать на адресе localhost и порту 2909 и обрабатывать запросы
2025-04-29 16:55:43 [main] INFO  client.client.UDPClient - Запуск клиента...
2025-04-29 16:55:43 [main] INFO  client.client.UDPClient - Клиент запущен
2025-04-29 16:55:47 [main] DEBUG client.client.UDPClient - Отправка запроса на сервер...
2025-04-29 16:55:47 [main] DEBUG server.server.UDPDatagramChannel - Сервер ожидает пакет...
2025-04-29 16:55:47 [main] DEBUG server.server.UDPDatagramChannel - Клиент с адресом /127.0.0.1:51245 подключился
2025-04-29 16:55:47 [main] DEBUG client.client.UDPClient - Запрос отправлен: Request{message="log_in", clientAddress="/127.0.1.1:51245"}
2025-04-29 16:55:47 [main] DEBUG client.client.UDPClient - Ожидание ответа от сервера...
2025-04-29 16:55:48 [main] DEBUG server.server.UDPDatagramChannel - Сервер получил пакет: Request{message="log_in", clientAddress="/127.0.1.1:51245"} 
2025-04-29 16:55:48 [pool-2-thread-1] INFO  server.managers.PSQLManager - SSH туннель установлен
2025-04-29 16:55:48 [pool-2-thread-1] INFO  server.managers.PSQLManager - БД подключена
2025-04-29 16:55:48 [pool-2-thread-1] DEBUG server.managers.PSQLManager - Отключение от БД
2025-04-29 16:55:48 [Thread-7] DEBUG server.server.UDPDatagramChannel - Сервер отправляет ответ...
2025-04-29 16:55:48 [Thread-7] DEBUG server.server.UDPDatagramChannel - Сервер отправил пакет: Response{message="[32mАвторизация прошла успешно
[0m", type=PRINT_MESSAGE, collection=null}
2025-04-29 16:55:48 [main] DEBUG client.client.UDPClient - Ответ получен: Response{message="[32mАвторизация прошла успешно
[0m", type=PRINT_MESSAGE, collection=null}
2025-04-29 16:55:52 [main] DEBUG client.client.UDPClient - Отправка запроса на сервер...
2025-04-29 16:55:52 [main] DEBUG server.server.UDPDatagramChannel - Сервер ожидает пакет...
2025-04-29 16:55:52 [main] DEBUG server.server.UDPDatagramChannel - Клиент с адресом /127.0.0.1:51245 подключился
2025-04-29 16:55:52 [main] DEBUG client.client.UDPClient - Запрос отправлен: Request{message="show", clientAddress="/127.0.1.1:51245"}
2025-04-29 16:55:52 [main] DEBUG client.client.UDPClient - Ожидание ответа от сервера...
2025-04-29 16:55:52 [main] DEBUG server.server.UDPDatagramChannel - Сервер получил пакет: Request{message="show", clientAddress="/127.0.1.1:51245"} 
2025-04-29 16:55:52 [Thread-9] DEBUG server.server.UDPDatagramChannel - Сервер отправляет ответ...
2025-04-29 16:55:52 [Thread-9] DEBUG server.server.UDPDatagramChannel - Сервер отправил пакет: Response{message="", type=COLLECTION, collection=[{id=2, name='3', Coordinates={x=3.0, y=3}, creationDate='2025-04-27T18:17:11.632041+03:00[Europe/Moscow]', oscarsCount=3, genre='HORROR', mpaaRating='PG_13', operator=null}, {id=3, name='2', Coordinates={x=2.0, y=2}, creationDate='2025-04-28T20:00:29.878839+03:00[Europe/Moscow]', oscarsCount=2, genre='MUSICAL', mpaaRating='PG', operator=null}]}
2025-04-29 16:55:52 [main] DEBUG client.client.UDPClient - Ответ получен: Response{message="", type=COLLECTION, collection=[{id=2, name='3', Coordinates={x=3.0, y=3}, creationDate='2025-04-27T18:17:11.632041+03:00[Europe/Moscow]', oscarsCount=3, genre='HORROR', mpaaRating='PG_13', operator=null}, {id=3, name='2', Coordinates={x=2.0, y=2}, creationDate='2025-04-28T20:00:29.878839+03:00[Europe/Moscow]', oscarsCount=2, genre='MUSICAL', mpaaRating='PG', operator=null}]}
2025-04-29 16:55:56 [main] INFO  client.commands.buildcommands.Add - Команда выполняется...
2025-04-29 16:55:56 [main] DEBUG client.commands.buildcommands.Add - Заполнение Movie...
2025-04-29 16:55:56 [main] DEBUG client.commands.buildcommands.Add - Заполнение имени...
2025-04-29 16:55:58 [main] DEBUG client.commands.buildcommands.Add - Имя заполнено
2025-04-29 16:55:58 [main] DEBUG client.commands.buildcommands.Add - Заполнение координат...
2025-04-29 16:55:58 [main] DEBUG client.commands.buildcommands.Add - Заполнение х...
2025-04-29 16:55:58 [main] DEBUG client.commands.buildcommands.Add - х заполнен
2025-04-29 16:55:58 [main] DEBUG client.commands.buildcommands.Add - Заполнение y
2025-04-29 16:55:58 [main] DEBUG client.commands.buildcommands.Add - y заполнен
2025-04-29 16:55:58 [main] DEBUG client.commands.buildcommands.Add - Координаты заполнены
2025-04-29 16:55:58 [main] DEBUG client.commands.buildcommands.Add - Заполнение кол-ва оскаров...
2025-04-29 16:55:59 [main] DEBUG client.commands.buildcommands.Add - Кол-во оскаров заполнено
2025-04-29 16:55:59 [main] DEBUG client.commands.buildcommands.Add - Заполнение жанра...
2025-04-29 16:56:00 [main] DEBUG client.commands.buildcommands.Add - Жанр заполнен
2025-04-29 16:56:00 [main] DEBUG client.commands.buildcommands.Add - Заполнение мпаа рейтинга...
2025-04-29 16:56:00 [main] DEBUG client.commands.buildcommands.Add - Мпаа рейтинг заполнен
2025-04-29 16:56:01 [main] DEBUG client.commands.buildcommands.Add - Movie заполнен
2025-04-29 16:56:01 [main] DEBUG client.client.UDPClient - Отправка запроса на сервер...
2025-04-29 16:56:01 [main] DEBUG server.server.UDPDatagramChannel - Сервер ожидает пакет...
2025-04-29 16:56:01 [main] DEBUG server.server.UDPDatagramChannel - Клиент с адресом /127.0.0.1:51245 подключился
2025-04-29 16:56:01 [main] DEBUG client.client.UDPClient - Запрос отправлен: Request{message="add", clientAddress="/127.0.1.1:51245"}
2025-04-29 16:56:01 [main] DEBUG client.client.UDPClient - Ожидание ответа от сервера...
2025-04-29 16:56:01 [main] DEBUG server.server.UDPDatagramChannel - Сервер получил пакет: Request{message="add", clientAddress="/127.0.1.1:51245"} 
2025-04-29 16:56:01 [pool-2-thread-1] DEBUG server.managers.PSQLManager - Добавление данных в БД: {id=5, name='3', Coordinates={x=3.0, y=3}, creationDate='2025-04-29T16:56:01.724763724+03:00[Europe/Moscow]', oscarsCount=3, genre='HORROR', mpaaRating='PG_13', operator=null}...
2025-04-29 16:56:02 [pool-2-thread-1] INFO  server.managers.PSQLManager - SSH туннель установлен
2025-04-29 16:56:02 [main] WARN  client.client.UDPClient - Попытка 1: Таймаут ожидания ответа от сервера.
2025-04-29 16:56:02 [main] DEBUG client.client.UDPClient - Отправка запроса на сервер...
2025-04-29 16:56:02 [main] DEBUG server.server.UDPDatagramChannel - Сервер ожидает пакет...
2025-04-29 16:56:02 [main] DEBUG server.server.UDPDatagramChannel - Клиент с адресом /127.0.0.1:51245 подключился
2025-04-29 16:56:02 [main] DEBUG client.client.UDPClient - Запрос отправлен: Request{message="add", clientAddress="/127.0.1.1:51245"}
2025-04-29 16:56:02 [main] DEBUG client.client.UDPClient - Ожидание ответа от сервера...
2025-04-29 16:56:02 [main] DEBUG server.server.UDPDatagramChannel - Сервер получил пакет: Request{message="add", clientAddress="/127.0.1.1:51245"} 
2025-04-29 16:56:02 [pool-2-thread-1] INFO  server.managers.PSQLManager - БД подключена
2025-04-29 16:56:03 [pool-2-thread-1] DEBUG server.managers.PSQLManager - Данные в БД добавлены
2025-04-29 16:56:03 [pool-2-thread-1] DEBUG server.managers.PSQLManager - Отключение от БД
2025-04-29 16:56:03 [pool-2-thread-2] DEBUG server.managers.PSQLManager - Добавление данных в БД: {id=6, name='3', Coordinates={x=3.0, y=3}, creationDate='2025-04-29T16:56:01.724763724+03:00[Europe/Moscow]', oscarsCount=3, genre='HORROR', mpaaRating='PG_13', operator=null}...
2025-04-29 16:56:03 [Thread-15] DEBUG server.server.UDPDatagramChannel - Сервер отправляет ответ...
2025-04-29 16:56:03 [main] DEBUG client.client.UDPClient - Ответ получен: Response{message="[32mЭлемент успешно добавлен
[0m", type=PRINT_MESSAGE, collection=null}
2025-04-29 16:56:03 [Thread-15] DEBUG server.server.UDPDatagramChannel - Сервер отправил пакет: Response{message="[32mЭлемент успешно добавлен
[0m", type=PRINT_MESSAGE, collection=null}
2025-04-29 16:56:03 [main] INFO  client.commands.buildcommands.Add - Команда выполнена
2025-04-29 16:56:03 [pool-2-thread-2] INFO  server.managers.PSQLManager - SSH туннель установлен
2025-04-29 16:56:04 [pool-2-thread-2] INFO  server.managers.PSQLManager - БД подключена
2025-04-29 16:56:04 [pool-2-thread-2] DEBUG server.managers.PSQLManager - Данные в БД добавлены
2025-04-29 16:56:04 [pool-2-thread-2] DEBUG server.managers.PSQLManager - Отключение от БД
2025-04-29 16:56:04 [Thread-19] DEBUG server.server.UDPDatagramChannel - Сервер отправляет ответ...
2025-04-29 16:56:04 [Thread-19] DEBUG server.server.UDPDatagramChannel - Сервер отправил пакет: Response{message="[32mЭлемент успешно добавлен
[0m", type=PRINT_MESSAGE, collection=null}
2025-04-29 16:56:06 [main] DEBUG client.client.UDPClient - Отправка запроса на сервер...
2025-04-29 16:56:06 [main] DEBUG server.server.UDPDatagramChannel - Сервер ожидает пакет...
2025-04-29 16:56:06 [main] DEBUG server.server.UDPDatagramChannel - Клиент с адресом /127.0.0.1:51245 подключился
2025-04-29 16:56:06 [main] DEBUG client.client.UDPClient - Запрос отправлен: Request{message="show", clientAddress="/127.0.1.1:51245"}
2025-04-29 16:56:06 [main] DEBUG client.client.UDPClient - Ожидание ответа от сервера...
2025-04-29 16:56:06 [main] DEBUG server.server.UDPDatagramChannel - Сервер получил пакет: Request{message="show", clientAddress="/127.0.1.1:51245"} 
2025-04-29 16:56:06 [main] DEBUG client.client.UDPClient - Ответ получен: Response{message="[32mЭлемент успешно добавлен
[0m", type=PRINT_MESSAGE, collection=null}
2025-04-29 16:56:06 [Thread-21] DEBUG server.server.UDPDatagramChannel - Сервер отправляет ответ...
2025-04-29 16:56:06 [Thread-21] DEBUG server.server.UDPDatagramChannel - Сервер отправил пакет: Response{message="", type=COLLECTION, collection=[{id=2, name='3', Coordinates={x=3.0, y=3}, creationDate='2025-04-27T18:17:11.632041+03:00[Europe/Moscow]', oscarsCount=3, genre='HORROR', mpaaRating='PG_13', operator=null}, {id=3, name='2', Coordinates={x=2.0, y=2}, creationDate='2025-04-28T20:00:29.878839+03:00[Europe/Moscow]', oscarsCount=2, genre='MUSICAL', mpaaRating='PG', operator=null}, {id=5, name='3', Coordinates={x=3.0, y=3}, creationDate='2025-04-29T16:56:01.724763724+03:00[Europe/Moscow]', oscarsCount=3, genre='HORROR', mpaaRating='PG_13', operator=null}, {id=6, name='3', Coordinates={x=3.0, y=3}, creationDate='2025-04-29T16:56:01.724763724+03:00[Europe/Moscow]', oscarsCount=3, genre='HORROR', mpaaRating='PG_13', operator=null}]}
2025-04-29 16:56:09 [main] DEBUG client.client.UDPClient - Отправка запроса на сервер...
2025-04-29 16:56:09 [main] DEBUG server.server.UDPDatagramChannel - Сервер ожидает пакет...
2025-04-29 16:56:09 [main] DEBUG server.server.UDPDatagramChannel - Клиент с адресом /127.0.0.1:51245 подключился
2025-04-29 16:56:09 [main] DEBUG client.client.UDPClient - Запрос отправлен: Request{message="show", clientAddress="/127.0.1.1:51245"}
2025-04-29 16:56:09 [main] DEBUG client.client.UDPClient - Ожидание ответа от сервера...
2025-04-29 16:56:09 [main] DEBUG server.server.UDPDatagramChannel - Сервер получил пакет: Request{message="show", clientAddress="/127.0.1.1:51245"} 
2025-04-29 16:56:09 [main] DEBUG client.client.UDPClient - Ответ получен: Response{message="", type=COLLECTION, collection=[{id=2, name='3', Coordinates={x=3.0, y=3}, creationDate='2025-04-27T18:17:11.632041+03:00[Europe/Moscow]', oscarsCount=3, genre='HORROR', mpaaRating='PG_13', operator=null}, {id=3, name='2', Coordinates={x=2.0, y=2}, creationDate='2025-04-28T20:00:29.878839+03:00[Europe/Moscow]', oscarsCount=2, genre='MUSICAL', mpaaRating='PG', operator=null}, {id=5, name='3', Coordinates={x=3.0, y=3}, creationDate='2025-04-29T16:56:01.724763724+03:00[Europe/Moscow]', oscarsCount=3, genre='HORROR', mpaaRating='PG_13', operator=null}, {id=6, name='3', Coordinates={x=3.0, y=3}, creationDate='2025-04-29T16:56:01.724763724+03:00[Europe/Moscow]', oscarsCount=3, genre='HORROR', mpaaRating='PG_13', operator=null}]}
2025-04-29 16:56:09 [Thread-23] DEBUG server.server.UDPDatagramChannel - Сервер отправляет ответ...
2025-04-29 16:56:09 [Thread-23] DEBUG server.server.UDPDatagramChannel - Сервер отправил пакет: Response{message="", type=COLLECTION, collection=[{id=2, name='3', Coordinates={x=3.0, y=3}, creationDate='2025-04-27T18:17:11.632041+03:00[Europe/Moscow]', oscarsCount=3, genre='HORROR', mpaaRating='PG_13', operator=null}, {id=3, name='2', Coordinates={x=2.0, y=2}, creationDate='2025-04-28T20:00:29.878839+03:00[Europe/Moscow]', oscarsCount=2, genre='MUSICAL', mpaaRating='PG', operator=null}, {id=5, name='3', Coordinates={x=3.0, y=3}, creationDate='2025-04-29T16:56:01.724763724+03:00[Europe/Moscow]', oscarsCount=3, genre='HORROR', mpaaRating='PG_13', operator=null}, {id=6, name='3', Coordinates={x=3.0, y=3}, creationDate='2025-04-29T16:56:01.724763724+03:00[Europe/Moscow]', oscarsCount=3, genre='HORROR', mpaaRating='PG_13', operator=null}]}
2025-04-29 17:02:41 [main] INFO  server.managers.PSQLManager - SSH туннель установлен
2025-04-29 17:02:41 [main] INFO  server.managers.PSQLManager - БД подключена
2025-04-29 17:02:41 [main] DEBUG server.managers.PSQLManager - Выгрузка данных с БД...
2025-04-29 17:02:41 [main] DEBUG server.managers.PSQLManager - Данные с БД выгружены
2025-04-29 17:02:42 [main] DEBUG server.managers.PSQLManager - Отключение от БД
2025-04-29 17:02:42 [main] INFO  server.managers.RunManager - Запуск сервера...
2025-04-29 17:02:42 [main] INFO  server.managers.RunManager - Сервер начал слушать на адресе localhost и порту 2909 и обрабатывать запросы
2025-04-29 17:02:44 [main] INFO  client.client.UDPClient - Запуск клиента...
2025-04-29 17:02:44 [main] INFO  client.client.UDPClient - Клиент запущен
2025-04-29 17:02:47 [main] DEBUG client.client.UDPClient - Отправка запроса на сервер...
2025-04-29 17:02:47 [main] DEBUG server.server.UDPDatagramChannel - Сервер ожидает пакет...
2025-04-29 17:02:47 [main] DEBUG server.server.UDPDatagramChannel - Клиент с адресом /127.0.0.1:35980 подключился
2025-04-29 17:02:47 [main] DEBUG client.client.UDPClient - Запрос отправлен: Request{message="log_in", clientAddress="/127.0.1.1:35980"}
2025-04-29 17:02:47 [main] DEBUG client.client.UDPClient - Ожидание ответа от сервера...
2025-04-29 17:02:47 [main] DEBUG server.server.UDPDatagramChannel - Сервер получил пакет: Request{message="log_in", clientAddress="/127.0.1.1:35980"} 
2025-04-29 17:02:48 [pool-2-thread-1] INFO  server.managers.PSQLManager - SSH туннель установлен
2025-04-29 17:02:48 [pool-2-thread-1] INFO  server.managers.PSQLManager - БД подключена
2025-04-29 17:02:48 [pool-2-thread-1] DEBUG server.managers.PSQLManager - Отключение от БД
2025-04-29 17:02:48 [Thread-7] DEBUG server.server.UDPDatagramChannel - Сервер отправляет ответ...
2025-04-29 17:02:48 [Thread-7] DEBUG server.server.UDPDatagramChannel - Сервер отправил пакет: Response{message="[32mАвторизация прошла успешно
[0m", type=PRINT_MESSAGE, collection=null}
2025-04-29 17:02:48 [main] DEBUG client.client.UDPClient - Ответ получен: Response{message="[32mАвторизация прошла успешно
[0m", type=PRINT_MESSAGE, collection=null}
2025-04-29 17:02:50 [main] DEBUG client.client.UDPClient - Отправка запроса на сервер...
2025-04-29 17:02:50 [main] DEBUG server.server.UDPDatagramChannel - Сервер ожидает пакет...
2025-04-29 17:02:50 [main] DEBUG server.server.UDPDatagramChannel - Клиент с адресом /127.0.0.1:35980 подключился
2025-04-29 17:02:50 [main] DEBUG client.client.UDPClient - Запрос отправлен: Request{message="show", clientAddress="/127.0.1.1:35980"}
2025-04-29 17:02:50 [main] DEBUG client.client.UDPClient - Ожидание ответа от сервера...
2025-04-29 17:02:50 [main] DEBUG server.server.UDPDatagramChannel - Сервер получил пакет: Request{message="show", clientAddress="/127.0.1.1:35980"} 
2025-04-29 17:02:50 [Thread-9] DEBUG server.server.UDPDatagramChannel - Сервер отправляет ответ...
2025-04-29 17:02:50 [Thread-9] DEBUG server.server.UDPDatagramChannel - Сервер отправил пакет: Response{message="", type=COLLECTION, collection=[{id=2, name='3', Coordinates={x=3.0, y=3}, creationDate='2025-04-27T18:17:11.632041+03:00[Europe/Moscow]', oscarsCount=3, genre='HORROR', mpaaRating='PG_13', operator=null}, {id=3, name='2', Coordinates={x=2.0, y=2}, creationDate='2025-04-28T20:00:29.878839+03:00[Europe/Moscow]', oscarsCount=2, genre='MUSICAL', mpaaRating='PG', operator=null}, {id=5, name='3', Coordinates={x=3.0, y=3}, creationDate='2025-04-29T16:56:01.724764+03:00[Europe/Moscow]', oscarsCount=3, genre='HORROR', mpaaRating='PG_13', operator=null}, {id=6, name='3', Coordinates={x=3.0, y=3}, creationDate='2025-04-29T16:56:01.724764+03:00[Europe/Moscow]', oscarsCount=3, genre='HORROR', mpaaRating='PG_13', operator=null}]}
2025-04-29 17:02:50 [main] DEBUG client.client.UDPClient - Ответ получен: Response{message="", type=COLLECTION, collection=[{id=2, name='3', Coordinates={x=3.0, y=3}, creationDate='2025-04-27T18:17:11.632041+03:00[Europe/Moscow]', oscarsCount=3, genre='HORROR', mpaaRating='PG_13', operator=null}, {id=3, name='2', Coordinates={x=2.0, y=2}, creationDate='2025-04-28T20:00:29.878839+03:00[Europe/Moscow]', oscarsCount=2, genre='MUSICAL', mpaaRating='PG', operator=null}, {id=5, name='3', Coordinates={x=3.0, y=3}, creationDate='2025-04-29T16:56:01.724764+03:00[Europe/Moscow]', oscarsCount=3, genre='HORROR', mpaaRating='PG_13', operator=null}, {id=6, name='3', Coordinates={x=3.0, y=3}, creationDate='2025-04-29T16:56:01.724764+03:00[Europe/Moscow]', oscarsCount=3, genre='HORROR', mpaaRating='PG_13', operator=null}]}
2025-04-29 17:02:52 [main] INFO  client.commands.buildcommands.Add - Команда выполняется...
2025-04-29 17:02:52 [main] DEBUG client.commands.buildcommands.Add - Заполнение Movie...
2025-04-29 17:02:52 [main] DEBUG client.commands.buildcommands.Add - Заполнение имени...
2025-04-29 17:02:53 [main] DEBUG client.commands.buildcommands.Add - Имя заполнено
2025-04-29 17:02:53 [main] DEBUG client.commands.buildcommands.Add - Заполнение координат...
2025-04-29 17:02:53 [main] DEBUG client.commands.buildcommands.Add - Заполнение х...
2025-04-29 17:02:54 [main] DEBUG client.commands.buildcommands.Add - х заполнен
2025-04-29 17:02:54 [main] DEBUG client.commands.buildcommands.Add - Заполнение y
2025-04-29 17:02:54 [main] DEBUG client.commands.buildcommands.Add - y заполнен
2025-04-29 17:02:54 [main] DEBUG client.commands.buildcommands.Add - Координаты заполнены
2025-04-29 17:02:54 [main] DEBUG client.commands.buildcommands.Add - Заполнение кол-ва оскаров...
2025-04-29 17:02:54 [main] DEBUG client.commands.buildcommands.Add - Кол-во оскаров заполнено
2025-04-29 17:02:54 [main] DEBUG client.commands.buildcommands.Add - Заполнение жанра...
2025-04-29 17:02:55 [main] DEBUG client.commands.buildcommands.Add - Жанр заполнен
2025-04-29 17:02:55 [main] DEBUG client.commands.buildcommands.Add - Заполнение мпаа рейтинга...
2025-04-29 17:02:56 [main] DEBUG client.commands.buildcommands.Add - Мпаа рейтинг заполнен
2025-04-29 17:02:57 [main] DEBUG client.commands.buildcommands.Add - Movie заполнен
2025-04-29 17:02:57 [main] DEBUG client.client.UDPClient - Отправка запроса на сервер...
2025-04-29 17:02:57 [main] DEBUG server.server.UDPDatagramChannel - Сервер ожидает пакет...
2025-04-29 17:02:57 [main] DEBUG server.server.UDPDatagramChannel - Клиент с адресом /127.0.0.1:35980 подключился
2025-04-29 17:02:57 [main] DEBUG client.client.UDPClient - Запрос отправлен: Request{message="add", clientAddress="/127.0.1.1:35980"}
2025-04-29 17:02:57 [main] DEBUG client.client.UDPClient - Ожидание ответа от сервера...
2025-04-29 17:02:57 [main] DEBUG server.server.UDPDatagramChannel - Сервер получил пакет: Request{message="add", clientAddress="/127.0.1.1:35980"} 
2025-04-29 17:02:57 [pool-2-thread-1] DEBUG server.managers.PSQLManager - Добавление данных в БД: {id=8, name='3', Coordinates={x=3.0, y=3}, creationDate='2025-04-29T17:02:57.235308432+03:00[Europe/Moscow]', oscarsCount=3, genre='HORROR', mpaaRating='PG_13', operator=null}...
2025-04-29 17:02:57 [pool-2-thread-1] INFO  server.managers.PSQLManager - SSH туннель установлен
2025-04-29 17:02:58 [pool-2-thread-1] INFO  server.managers.PSQLManager - БД подключена
2025-04-29 17:02:58 [main] WARN  client.client.UDPClient - Попытка 1: Таймаут ожидания ответа от сервера.
2025-04-29 17:02:58 [main] DEBUG client.client.UDPClient - Отправка запроса на сервер...
2025-04-29 17:02:58 [main] DEBUG server.server.UDPDatagramChannel - Сервер ожидает пакет...
2025-04-29 17:02:58 [main] DEBUG server.server.UDPDatagramChannel - Клиент с адресом /127.0.0.1:35980 подключился
2025-04-29 17:02:58 [main] DEBUG client.client.UDPClient - Запрос отправлен: Request{message="add", clientAddress="/127.0.1.1:35980"}
2025-04-29 17:02:58 [main] DEBUG server.server.UDPDatagramChannel - Сервер получил пакет: Request{message="add", clientAddress="/127.0.1.1:35980"} 
2025-04-29 17:02:58 [main] DEBUG client.client.UDPClient - Ожидание ответа от сервера...
2025-04-29 17:02:58 [pool-2-thread-2] DEBUG server.managers.PSQLManager - Добавление данных в БД: {id=9, name='3', Coordinates={x=3.0, y=3}, creationDate='2025-04-29T17:02:57.235308432+03:00[Europe/Moscow]', oscarsCount=3, genre='HORROR', mpaaRating='PG_13', operator=null}...
2025-04-29 17:02:58 [pool-2-thread-1] DEBUG server.managers.PSQLManager - Данные в БД добавлены
2025-04-29 17:02:58 [pool-2-thread-1] DEBUG server.managers.PSQLManager - Отключение от БД
2025-04-29 17:02:58 [Thread-15] DEBUG server.server.UDPDatagramChannel - Сервер отправляет ответ...
2025-04-29 17:02:58 [main] DEBUG client.client.UDPClient - Ответ получен: Response{message="[32mЭлемент успешно добавлен
[0m", type=PRINT_MESSAGE, collection=null}
2025-04-29 17:02:58 [Thread-15] DEBUG server.server.UDPDatagramChannel - Сервер отправил пакет: Response{message="[32mЭлемент успешно добавлен
[0m", type=PRINT_MESSAGE, collection=null}
2025-04-29 17:02:58 [main] INFO  client.commands.buildcommands.Add - Команда выполнена
2025-04-29 17:02:58 [pool-2-thread-2] DEBUG server.managers.RunManager - Команда не распознана
2025-04-29 17:02:58 [Thread-16] DEBUG server.server.UDPDatagramChannel - Сервер отправляет ответ...
2025-04-29 17:02:58 [Thread-16] DEBUG server.server.UDPDatagramChannel - Сервер отправил пакет: Response{message="[31mКоманда не распознана
[0m", type=ERROR, collection=null}
2025-04-29 17:02:59 [main] DEBUG client.client.UDPClient - Отправка запроса на сервер...
2025-04-29 17:02:59 [main] DEBUG server.server.UDPDatagramChannel - Сервер ожидает пакет...
2025-04-29 17:02:59 [main] DEBUG client.client.UDPClient - Запрос отправлен: Request{message="show", clientAddress="/127.0.1.1:35980"}
2025-04-29 17:02:59 [main] DEBUG server.server.UDPDatagramChannel - Клиент с адресом /127.0.0.1:35980 подключился
2025-04-29 17:02:59 [main] DEBUG client.client.UDPClient - Ожидание ответа от сервера...
2025-04-29 17:02:59 [main] DEBUG client.client.UDPClient - Ответ получен: Response{message="[31mКоманда не распознана
[0m", type=ERROR, collection=null}
2025-04-29 17:02:59 [main] DEBUG server.server.UDPDatagramChannel - Сервер получил пакет: Request{message="show", clientAddress="/127.0.1.1:35980"} 
2025-04-29 17:02:59 [Thread-18] DEBUG server.server.UDPDatagramChannel - Сервер отправляет ответ...
2025-04-29 17:02:59 [Thread-18] DEBUG server.server.UDPDatagramChannel - Сервер отправил пакет: Response{message="", type=COLLECTION, collection=[{id=2, name='3', Coordinates={x=3.0, y=3}, creationDate='2025-04-27T18:17:11.632041+03:00[Europe/Moscow]', oscarsCount=3, genre='HORROR', mpaaRating='PG_13', operator=null}, {id=3, name='2', Coordinates={x=2.0, y=2}, creationDate='2025-04-28T20:00:29.878839+03:00[Europe/Moscow]', oscarsCount=2, genre='MUSICAL', mpaaRating='PG', operator=null}, {id=5, name='3', Coordinates={x=3.0, y=3}, creationDate='2025-04-29T16:56:01.724764+03:00[Europe/Moscow]', oscarsCount=3, genre='HORROR', mpaaRating='PG_13', operator=null}, {id=6, name='3', Coordinates={x=3.0, y=3}, creationDate='2025-04-29T16:56:01.724764+03:00[Europe/Moscow]', oscarsCount=3, genre='HORROR', mpaaRating='PG_13', operator=null}, {id=8, name='3', Coordinates={x=3.0, y=3}, creationDate='2025-04-29T17:02:57.235308432+03:00[Europe/Moscow]', oscarsCount=3, genre='HORROR', mpaaRating='PG_13', operator=null}]}
2025-04-29 17:03:06 [main] DEBUG client.client.UDPClient - Отправка запроса на сервер...
2025-04-29 17:03:06 [main] DEBUG server.server.UDPDatagramChannel - Сервер ожидает пакет...
2025-04-29 17:03:06 [main] DEBUG server.server.UDPDatagramChannel - Клиент с адресом /127.0.0.1:35980 подключился
2025-04-29 17:03:06 [main] DEBUG client.client.UDPClient - Запрос отправлен: Request{message="show", clientAddress="/127.0.1.1:35980"}
2025-04-29 17:03:06 [main] DEBUG client.client.UDPClient - Ожидание ответа от сервера...
2025-04-29 17:03:06 [main] DEBUG server.server.UDPDatagramChannel - Сервер получил пакет: Request{message="show", clientAddress="/127.0.1.1:35980"} 
2025-04-29 17:03:06 [main] DEBUG client.client.UDPClient - Ответ получен: Response{message="", type=COLLECTION, collection=[{id=2, name='3', Coordinates={x=3.0, y=3}, creationDate='2025-04-27T18:17:11.632041+03:00[Europe/Moscow]', oscarsCount=3, genre='HORROR', mpaaRating='PG_13', operator=null}, {id=3, name='2', Coordinates={x=2.0, y=2}, creationDate='2025-04-28T20:00:29.878839+03:00[Europe/Moscow]', oscarsCount=2, genre='MUSICAL', mpaaRating='PG', operator=null}, {id=5, name='3', Coordinates={x=3.0, y=3}, creationDate='2025-04-29T16:56:01.724764+03:00[Europe/Moscow]', oscarsCount=3, genre='HORROR', mpaaRating='PG_13', operator=null}, {id=6, name='3', Coordinates={x=3.0, y=3}, creationDate='2025-04-29T16:56:01.724764+03:00[Europe/Moscow]', oscarsCount=3, genre='HORROR', mpaaRating='PG_13', operator=null}, {id=8, name='3', Coordinates={x=3.0, y=3}, creationDate='2025-04-29T17:02:57.235308432+03:00[Europe/Moscow]', oscarsCount=3, genre='HORROR', mpaaRating='PG_13', operator=null}]}
2025-04-29 17:03:06 [Thread-20] DEBUG server.server.UDPDatagramChannel - Сервер отправляет ответ...
2025-04-29 17:03:06 [Thread-20] DEBUG server.server.UDPDatagramChannel - Сервер отправил пакет: Response{message="", type=COLLECTION, collection=[{id=2, name='3', Coordinates={x=3.0, y=3}, creationDate='2025-04-27T18:17:11.632041+03:00[Europe/Moscow]', oscarsCount=3, genre='HORROR', mpaaRating='PG_13', operator=null}, {id=3, name='2', Coordinates={x=2.0, y=2}, creationDate='2025-04-28T20:00:29.878839+03:00[Europe/Moscow]', oscarsCount=2, genre='MUSICAL', mpaaRating='PG', operator=null}, {id=5, name='3', Coordinates={x=3.0, y=3}, creationDate='2025-04-29T16:56:01.724764+03:00[Europe/Moscow]', oscarsCount=3, genre='HORROR', mpaaRating='PG_13', operator=null}, {id=6, name='3', Coordinates={x=3.0, y=3}, creationDate='2025-04-29T16:56:01.724764+03:00[Europe/Moscow]', oscarsCount=3, genre='HORROR', mpaaRating='PG_13', operator=null}, {id=8, name='3', Coordinates={x=3.0, y=3}, creationDate='2025-04-29T17:02:57.235308432+03:00[Europe/Moscow]', oscarsCount=3, genre='HORROR', mpaaRating='PG_13', operator=null}]}
2025-04-29 17:14:06 [main] INFO  client.client.UDPClient - Запуск клиента...
2025-04-29 17:14:06 [main] INFO  client.client.UDPClient - Клиент запущен
2025-04-29 17:14:10 [main] INFO  server.managers.PSQLManager - SSH туннель установлен
2025-04-29 17:14:11 [main] INFO  server.managers.PSQLManager - БД подключена
2025-04-29 17:14:11 [main] DEBUG server.managers.PSQLManager - Выгрузка данных с БД...
2025-04-29 17:14:11 [main] DEBUG server.managers.PSQLManager - Данные с БД выгружены
2025-04-29 17:14:11 [main] DEBUG server.managers.PSQLManager - Отключение от БД
2025-04-29 17:14:11 [main] INFO  server.managers.RunManager - Запуск сервера...
2025-04-29 17:14:11 [main] INFO  server.managers.RunManager - Сервер начал слушать на адресе localhost и порту 2909 и обрабатывать запросы
2025-04-29 17:14:15 [main] DEBUG client.client.UDPClient - Отправка запроса на сервер...
2025-04-29 17:14:15 [main] DEBUG server.server.UDPDatagramChannel - Сервер ожидает пакет...
2025-04-29 17:14:15 [main] DEBUG server.server.UDPDatagramChannel - Клиент с адресом /127.0.0.1:36427 подключился
2025-04-29 17:14:15 [main] DEBUG client.client.UDPClient - Запрос отправлен: Request{message="log_in", clientAddress="/127.0.1.1:36427"}
2025-04-29 17:14:15 [main] DEBUG server.server.UDPDatagramChannel - Сервер получил пакет: Request{message="log_in", clientAddress="/127.0.1.1:36427"} 
2025-04-29 17:14:15 [main] DEBUG client.client.UDPClient - Ожидание ответа от сервера...
2025-04-29 17:14:15 [pool-2-thread-1] INFO  server.managers.PSQLManager - SSH туннель установлен
2025-04-29 17:14:15 [pool-2-thread-1] INFO  server.managers.PSQLManager - БД подключена
2025-04-29 17:14:15 [pool-2-thread-1] DEBUG server.managers.PSQLManager - Отключение от БД
2025-04-29 17:14:15 [Thread-7] DEBUG server.server.UDPDatagramChannel - Сервер отправляет ответ...
2025-04-29 17:14:15 [Thread-7] DEBUG server.server.UDPDatagramChannel - Сервер отправил пакет: Response{message="[32mАвторизация прошла успешно
[0m", type=PRINT_MESSAGE, collection=null}
2025-04-29 17:14:15 [main] DEBUG client.client.UDPClient - Ответ получен: Response{message="[32mАвторизация прошла успешно
[0m", type=PRINT_MESSAGE, collection=null}
2025-04-29 17:14:17 [main] DEBUG client.client.UDPClient - Отправка запроса на сервер...
2025-04-29 17:14:17 [main] DEBUG server.server.UDPDatagramChannel - Сервер ожидает пакет...
2025-04-29 17:14:17 [main] DEBUG server.server.UDPDatagramChannel - Клиент с адресом /127.0.0.1:36427 подключился
2025-04-29 17:14:17 [main] DEBUG client.client.UDPClient - Запрос отправлен: Request{message="show", clientAddress="/127.0.1.1:36427"}
2025-04-29 17:14:17 [main] DEBUG client.client.UDPClient - Ожидание ответа от сервера...
2025-04-29 17:14:17 [main] DEBUG server.server.UDPDatagramChannel - Сервер получил пакет: Request{message="show", clientAddress="/127.0.1.1:36427"} 
2025-04-29 17:14:17 [Thread-9] DEBUG server.server.UDPDatagramChannel - Сервер отправляет ответ...
2025-04-29 17:14:17 [Thread-9] DEBUG server.server.UDPDatagramChannel - Сервер отправил пакет: Response{message="", type=COLLECTION, collection=[{id=2, name='3', Coordinates={x=3.0, y=3}, creationDate='2025-04-27T18:17:11.632041+03:00[Europe/Moscow]', oscarsCount=3, genre='HORROR', mpaaRating='PG_13', operator=null}, {id=3, name='2', Coordinates={x=2.0, y=2}, creationDate='2025-04-28T20:00:29.878839+03:00[Europe/Moscow]', oscarsCount=2, genre='MUSICAL', mpaaRating='PG', operator=null}, {id=5, name='3', Coordinates={x=3.0, y=3}, creationDate='2025-04-29T16:56:01.724764+03:00[Europe/Moscow]', oscarsCount=3, genre='HORROR', mpaaRating='PG_13', operator=null}, {id=6, name='3', Coordinates={x=3.0, y=3}, creationDate='2025-04-29T16:56:01.724764+03:00[Europe/Moscow]', oscarsCount=3, genre='HORROR', mpaaRating='PG_13', operator=null}, {id=8, name='3', Coordinates={x=3.0, y=3}, creationDate='2025-04-29T17:02:57.235308+03:00[Europe/Moscow]', oscarsCount=3, genre='HORROR', mpaaRating='PG_13', operator=null}]}
2025-04-29 17:14:17 [main] DEBUG client.client.UDPClient - Ответ получен: Response{message="", type=COLLECTION, collection=[{id=2, name='3', Coordinates={x=3.0, y=3}, creationDate='2025-04-27T18:17:11.632041+03:00[Europe/Moscow]', oscarsCount=3, genre='HORROR', mpaaRating='PG_13', operator=null}, {id=3, name='2', Coordinates={x=2.0, y=2}, creationDate='2025-04-28T20:00:29.878839+03:00[Europe/Moscow]', oscarsCount=2, genre='MUSICAL', mpaaRating='PG', operator=null}, {id=5, name='3', Coordinates={x=3.0, y=3}, creationDate='2025-04-29T16:56:01.724764+03:00[Europe/Moscow]', oscarsCount=3, genre='HORROR', mpaaRating='PG_13', operator=null}, {id=6, name='3', Coordinates={x=3.0, y=3}, creationDate='2025-04-29T16:56:01.724764+03:00[Europe/Moscow]', oscarsCount=3, genre='HORROR', mpaaRating='PG_13', operator=null}, {id=8, name='3', Coordinates={x=3.0, y=3}, creationDate='2025-04-29T17:02:57.235308+03:00[Europe/Moscow]', oscarsCount=3, genre='HORROR', mpaaRating='PG_13', operator=null}]}
2025-04-29 17:14:19 [main] INFO  client.commands.buildcommands.Add - Команда выполняется...
2025-04-29 17:14:19 [main] DEBUG client.commands.buildcommands.Add - Заполнение Movie...
2025-04-29 17:14:19 [main] DEBUG client.commands.buildcommands.Add - Заполнение имени...
2025-04-29 17:14:20 [main] DEBUG client.commands.buildcommands.Add - Имя заполнено
2025-04-29 17:14:20 [main] DEBUG client.commands.buildcommands.Add - Заполнение координат...
2025-04-29 17:14:20 [main] DEBUG client.commands.buildcommands.Add - Заполнение х...
2025-04-29 17:14:21 [main] DEBUG client.commands.buildcommands.Add - х заполнен
2025-04-29 17:14:21 [main] DEBUG client.commands.buildcommands.Add - Заполнение y
2025-04-29 17:14:21 [main] DEBUG client.commands.buildcommands.Add - y заполнен
2025-04-29 17:14:21 [main] DEBUG client.commands.buildcommands.Add - Координаты заполнены
2025-04-29 17:14:21 [main] DEBUG client.commands.buildcommands.Add - Заполнение кол-ва оскаров...
2025-04-29 17:14:21 [main] DEBUG client.commands.buildcommands.Add - Кол-во оскаров заполнено
2025-04-29 17:14:21 [main] DEBUG client.commands.buildcommands.Add - Заполнение жанра...
2025-04-29 17:14:22 [main] DEBUG client.commands.buildcommands.Add - Жанр заполнен
2025-04-29 17:14:22 [main] DEBUG client.commands.buildcommands.Add - Заполнение мпаа рейтинга...
2025-04-29 17:14:22 [main] DEBUG client.commands.buildcommands.Add - Мпаа рейтинг заполнен
2025-04-29 17:14:23 [main] DEBUG client.commands.buildcommands.Add - Movie заполнен
2025-04-29 17:14:23 [main] DEBUG client.client.UDPClient - Отправка запроса на сервер...
2025-04-29 17:14:23 [main] DEBUG server.server.UDPDatagramChannel - Сервер ожидает пакет...
2025-04-29 17:14:23 [main] DEBUG server.server.UDPDatagramChannel - Клиент с адресом /127.0.0.1:36427 подключился
2025-04-29 17:14:23 [main] DEBUG client.client.UDPClient - Запрос отправлен: Request{message="add", clientAddress="/127.0.1.1:36427"}
2025-04-29 17:14:23 [main] DEBUG client.client.UDPClient - Ожидание ответа от сервера...
2025-04-29 17:14:23 [main] DEBUG server.server.UDPDatagramChannel - Сервер получил пакет: Request{message="add", clientAddress="/127.0.1.1:36427"} 
2025-04-29 17:14:23 [pool-2-thread-1] DEBUG server.managers.PSQLManager - Добавление данных в БД: {id=10, name='3', Coordinates={x=3.0, y=3}, creationDate='2025-04-29T17:14:23.392690580+03:00[Europe/Moscow]', oscarsCount=3, genre='HORROR', mpaaRating='PG_13', operator=null}...
2025-04-29 17:14:23 [pool-2-thread-1] INFO  server.managers.PSQLManager - SSH туннель установлен
2025-04-29 17:14:23 [pool-2-thread-1] INFO  server.managers.PSQLManager - БД подключена
2025-04-29 17:14:24 [pool-2-thread-1] DEBUG server.managers.PSQLManager - Данные в БД добавлены
2025-04-29 17:14:24 [pool-2-thread-1] DEBUG server.managers.PSQLManager - Отключение от БД
2025-04-29 17:14:24 [Thread-14] DEBUG server.server.UDPDatagramChannel - Сервер отправляет ответ...
2025-04-29 17:14:24 [Thread-14] DEBUG server.server.UDPDatagramChannel - Сервер отправил пакет: Response{message="[32mЭлемент успешно добавлен
[0m", type=PRINT_MESSAGE, collection=null}
2025-04-29 17:14:24 [main] DEBUG client.client.UDPClient - Ответ получен: Response{message="[32mЭлемент успешно добавлен
[0m", type=PRINT_MESSAGE, collection=null}
2025-04-29 17:14:24 [main] INFO  client.commands.buildcommands.Add - Команда выполнена
2025-04-29 17:14:26 [main] DEBUG client.client.UDPClient - Отправка запроса на сервер...
2025-04-29 17:14:26 [main] DEBUG server.server.UDPDatagramChannel - Сервер ожидает пакет...
2025-04-29 17:14:26 [main] DEBUG server.server.UDPDatagramChannel - Клиент с адресом /127.0.0.1:36427 подключился
2025-04-29 17:14:26 [main] DEBUG client.client.UDPClient - Запрос отправлен: Request{message="show", clientAddress="/127.0.1.1:36427"}
2025-04-29 17:14:26 [main] DEBUG client.client.UDPClient - Ожидание ответа от сервера...
2025-04-29 17:14:26 [main] DEBUG server.server.UDPDatagramChannel - Сервер получил пакет: Request{message="show", clientAddress="/127.0.1.1:36427"} 
2025-04-29 17:14:26 [Thread-16] DEBUG server.server.UDPDatagramChannel - Сервер отправляет ответ...
2025-04-29 17:14:26 [main] DEBUG client.client.UDPClient - Ответ получен: Response{message="", type=COLLECTION, collection=[{id=2, name='3', Coordinates={x=3.0, y=3}, creationDate='2025-04-27T18:17:11.632041+03:00[Europe/Moscow]', oscarsCount=3, genre='HORROR', mpaaRating='PG_13', operator=null}, {id=3, name='2', Coordinates={x=2.0, y=2}, creationDate='2025-04-28T20:00:29.878839+03:00[Europe/Moscow]', oscarsCount=2, genre='MUSICAL', mpaaRating='PG', operator=null}, {id=5, name='3', Coordinates={x=3.0, y=3}, creationDate='2025-04-29T16:56:01.724764+03:00[Europe/Moscow]', oscarsCount=3, genre='HORROR', mpaaRating='PG_13', operator=null}, {id=6, name='3', Coordinates={x=3.0, y=3}, creationDate='2025-04-29T16:56:01.724764+03:00[Europe/Moscow]', oscarsCount=3, genre='HORROR', mpaaRating='PG_13', operator=null}, {id=8, name='3', Coordinates={x=3.0, y=3}, creationDate='2025-04-29T17:02:57.235308+03:00[Europe/Moscow]', oscarsCount=3, genre='HORROR', mpaaRating='PG_13', operator=null}, {id=10, name='3', Coordinates={x=3.0, y=3}, creationDate='2025-04-29T17:14:23.392690580+03:00[Europe/Moscow]', oscarsCount=3, genre='HORROR', mpaaRating='PG_13', operator=null}]}
2025-04-29 17:14:26 [Thread-16] DEBUG server.server.UDPDatagramChannel - Сервер отправил пакет: Response{message="", type=COLLECTION, collection=[{id=2, name='3', Coordinates={x=3.0, y=3}, creationDate='2025-04-27T18:17:11.632041+03:00[Europe/Moscow]', oscarsCount=3, genre='HORROR', mpaaRating='PG_13', operator=null}, {id=3, name='2', Coordinates={x=2.0, y=2}, creationDate='2025-04-28T20:00:29.878839+03:00[Europe/Moscow]', oscarsCount=2, genre='MUSICAL', mpaaRating='PG', operator=null}, {id=5, name='3', Coordinates={x=3.0, y=3}, creationDate='2025-04-29T16:56:01.724764+03:00[Europe/Moscow]', oscarsCount=3, genre='HORROR', mpaaRating='PG_13', operator=null}, {id=6, name='3', Coordinates={x=3.0, y=3}, creationDate='2025-04-29T16:56:01.724764+03:00[Europe/Moscow]', oscarsCount=3, genre='HORROR', mpaaRating='PG_13', operator=null}, {id=8, name='3', Coordinates={x=3.0, y=3}, creationDate='2025-04-29T17:02:57.235308+03:00[Europe/Moscow]', oscarsCount=3, genre='HORROR', mpaaRating='PG_13', operator=null}, {id=10, name='3', Coordinates={x=3.0, y=3}, creationDate='2025-04-29T17:14:23.392690580+03:00[Europe/Moscow]', oscarsCount=3, genre='HORROR', mpaaRating='PG_13', operator=null}]}
2025-04-29 17:14:28 [main] DEBUG client.client.UDPClient - Отправка запроса на сервер...
2025-04-29 17:14:28 [main] DEBUG server.server.UDPDatagramChannel - Сервер ожидает пакет...
2025-04-29 17:14:28 [main] DEBUG client.client.UDPClient - Запрос отправлен: Request{message="show", clientAddress="/127.0.1.1:36427"}
2025-04-29 17:14:28 [main] DEBUG server.server.UDPDatagramChannel - Клиент с адресом /127.0.0.1:36427 подключился
2025-04-29 17:14:28 [main] DEBUG client.client.UDPClient - Ожидание ответа от сервера...
2025-04-29 17:14:28 [main] DEBUG server.server.UDPDatagramChannel - Сервер получил пакет: Request{message="show", clientAddress="/127.0.1.1:36427"} 
2025-04-29 17:14:28 [Thread-18] DEBUG server.server.UDPDatagramChannel - Сервер отправляет ответ...
2025-04-29 17:14:28 [Thread-18] DEBUG server.server.UDPDatagramChannel - Сервер отправил пакет: Response{message="", type=COLLECTION, collection=[{id=2, name='3', Coordinates={x=3.0, y=3}, creationDate='2025-04-27T18:17:11.632041+03:00[Europe/Moscow]', oscarsCount=3, genre='HORROR', mpaaRating='PG_13', operator=null}, {id=3, name='2', Coordinates={x=2.0, y=2}, creationDate='2025-04-28T20:00:29.878839+03:00[Europe/Moscow]', oscarsCount=2, genre='MUSICAL', mpaaRating='PG', operator=null}, {id=5, name='3', Coordinates={x=3.0, y=3}, creationDate='2025-04-29T16:56:01.724764+03:00[Europe/Moscow]', oscarsCount=3, genre='HORROR', mpaaRating='PG_13', operator=null}, {id=6, name='3', Coordinates={x=3.0, y=3}, creationDate='2025-04-29T16:56:01.724764+03:00[Europe/Moscow]', oscarsCount=3, genre='HORROR', mpaaRating='PG_13', operator=null}, {id=8, name='3', Coordinates={x=3.0, y=3}, creationDate='2025-04-29T17:02:57.235308+03:00[Europe/Moscow]', oscarsCount=3, genre='HORROR', mpaaRating='PG_13', operator=null}, {id=10, name='3', Coordinates={x=3.0, y=3}, creationDate='2025-04-29T17:14:23.392690580+03:00[Europe/Moscow]', oscarsCount=3, genre='HORROR', mpaaRating='PG_13', operator=null}]}
2025-04-29 17:14:28 [main] DEBUG client.client.UDPClient - Ответ получен: Response{message="", type=COLLECTION, collection=[{id=2, name='3', Coordinates={x=3.0, y=3}, creationDate='2025-04-27T18:17:11.632041+03:00[Europe/Moscow]', oscarsCount=3, genre='HORROR', mpaaRating='PG_13', operator=null}, {id=3, name='2', Coordinates={x=2.0, y=2}, creationDate='2025-04-28T20:00:29.878839+03:00[Europe/Moscow]', oscarsCount=2, genre='MUSICAL', mpaaRating='PG', operator=null}, {id=5, name='3', Coordinates={x=3.0, y=3}, creationDate='2025-04-29T16:56:01.724764+03:00[Europe/Moscow]', oscarsCount=3, genre='HORROR', mpaaRating='PG_13', operator=null}, {id=6, name='3', Coordinates={x=3.0, y=3}, creationDate='2025-04-29T16:56:01.724764+03:00[Europe/Moscow]', oscarsCount=3, genre='HORROR', mpaaRating='PG_13', operator=null}, {id=8, name='3', Coordinates={x=3.0, y=3}, creationDate='2025-04-29T17:02:57.235308+03:00[Europe/Moscow]', oscarsCount=3, genre='HORROR', mpaaRating='PG_13', operator=null}, {id=10, name='3', Coordinates={x=3.0, y=3}, creationDate='2025-04-29T17:14:23.392690580+03:00[Europe/Moscow]', oscarsCount=3, genre='HORROR', mpaaRating='PG_13', operator=null}]}
2025-04-29 17:14:51 [main] DEBUG client.client.UDPClient - Отправка запроса на сервер...
2025-04-29 17:14:51 [main] DEBUG client.client.UDPClient - Запрос отправлен: Request{message="ffff", clientAddress="/127.0.1.1:36427"}
2025-04-29 17:14:51 [main] DEBUG client.client.UDPClient - Ожидание ответа от сервера...
2025-04-29 17:15:01 [main] WARN  client.client.UDPClient - Попытка 1: Таймаут ожидания ответа от сервера.
2025-04-29 17:15:01 [main] DEBUG client.client.UDPClient - Отправка запроса на сервер...
2025-04-29 17:15:01 [main] DEBUG client.client.UDPClient - Запрос отправлен: Request{message="ffff", clientAddress="/127.0.1.1:36427"}
2025-04-29 17:15:01 [main] DEBUG client.client.UDPClient - Ожидание ответа от сервера...
2025-04-29 17:15:11 [main] WARN  client.client.UDPClient - Попытка 2: Таймаут ожидания ответа от сервера.
2025-04-29 17:15:11 [main] DEBUG client.client.UDPClient - Отправка запроса на сервер...
2025-04-29 17:15:11 [main] DEBUG client.client.UDPClient - Запрос отправлен: Request{message="ffff", clientAddress="/127.0.1.1:36427"}
2025-04-29 17:15:11 [main] DEBUG client.client.UDPClient - Ожидание ответа от сервера...
2025-04-29 17:15:21 [main] WARN  client.client.UDPClient - Попытка 3: Таймаут ожидания ответа от сервера.
2025-04-29 17:15:21 [main] DEBUG client.client.UDPClient - Отправка запроса на сервер...
2025-04-29 17:15:21 [main] DEBUG client.client.UDPClient - Запрос отправлен: Request{message="ffff", clientAddress="/127.0.1.1:36427"}
2025-04-29 17:15:21 [main] DEBUG client.client.UDPClient - Ожидание ответа от сервера...
2025-04-29 17:15:31 [main] WARN  client.client.UDPClient - Попытка 4: Таймаут ожидания ответа от сервера.
2025-04-29 17:15:31 [main] DEBUG client.client.UDPClient - Отправка запроса на сервер...
2025-04-29 17:15:31 [main] DEBUG client.client.UDPClient - Запрос отправлен: Request{message="ffff", clientAddress="/127.0.1.1:36427"}
2025-04-29 17:15:31 [main] DEBUG client.client.UDPClient - Ожидание ответа от сервера...
2025-04-29 17:15:46 [main] INFO  client.client.UDPClient - Запуск клиента...
2025-04-29 17:15:46 [main] INFO  client.client.UDPClient - Клиент запущен
2025-04-29 17:15:53 [main] INFO  server.managers.PSQLManager - SSH туннель установлен
2025-04-29 17:15:53 [main] INFO  server.managers.PSQLManager - БД подключена
2025-04-29 17:15:53 [main] DEBUG server.managers.PSQLManager - Выгрузка данных с БД...
2025-04-29 17:15:53 [main] DEBUG server.managers.PSQLManager - Данные с БД выгружены
2025-04-29 17:15:53 [main] DEBUG server.managers.PSQLManager - Отключение от БД
2025-04-29 17:15:53 [main] INFO  server.managers.RunManager - Запуск сервера...
2025-04-29 17:15:53 [main] INFO  server.managers.RunManager - Сервер начал слушать на адресе localhost и порту 2909 и обрабатывать запросы
2025-04-29 17:15:59 [main] DEBUG client.client.UDPClient - Отправка запроса на сервер...
2025-04-29 17:15:59 [main] DEBUG server.server.UDPDatagramChannel - Сервер ожидает пакет...
2025-04-29 17:15:59 [main] DEBUG server.server.UDPDatagramChannel - Клиент с адресом /127.0.0.1:35858 подключился
2025-04-29 17:15:59 [main] DEBUG client.client.UDPClient - Запрос отправлен: Request{message="log_in", clientAddress="/127.0.1.1:35858"}
2025-04-29 17:15:59 [main] DEBUG client.client.UDPClient - Ожидание ответа от сервера...
2025-04-29 17:15:59 [main] DEBUG server.server.UDPDatagramChannel - Сервер получил пакет: Request{message="log_in", clientAddress="/127.0.1.1:35858"} 
2025-04-29 17:15:59 [pool-2-thread-1] INFO  server.managers.PSQLManager - SSH туннель установлен
2025-04-29 17:16:00 [pool-2-thread-1] INFO  server.managers.PSQLManager - БД подключена
2025-04-29 17:16:00 [pool-2-thread-1] DEBUG server.managers.PSQLManager - Отключение от БД
2025-04-29 17:16:00 [Thread-7] DEBUG server.server.UDPDatagramChannel - Сервер отправляет ответ...
2025-04-29 17:16:00 [Thread-7] DEBUG server.server.UDPDatagramChannel - Сервер отправил пакет: Response{message="[32mАвторизация прошла успешно
[0m", type=PRINT_MESSAGE, collection=null}
2025-04-29 17:16:00 [main] DEBUG client.client.UDPClient - Ответ получен: Response{message="[32mАвторизация прошла успешно
[0m", type=PRINT_MESSAGE, collection=null}
2025-04-29 17:17:08 [main] DEBUG client.client.UDPClient - Отправка запроса на сервер...
2025-04-29 17:17:08 [main] DEBUG server.server.UDPDatagramChannel - Сервер ожидает пакет...
2025-04-29 17:17:08 [main] DEBUG server.server.UDPDatagramChannel - Клиент с адресом /127.0.0.1:35858 подключился
2025-04-29 17:17:08 [main] DEBUG client.client.UDPClient - Запрос отправлен: Request{message="show", clientAddress="/127.0.1.1:35858"}
2025-04-29 17:17:08 [main] DEBUG client.client.UDPClient - Ожидание ответа от сервера...
2025-04-29 17:17:08 [main] DEBUG server.server.UDPDatagramChannel - Сервер получил пакет: Request{message="show", clientAddress="/127.0.1.1:35858"} 
2025-04-29 17:17:08 [Thread-9] DEBUG server.server.UDPDatagramChannel - Сервер отправляет ответ...
2025-04-29 17:17:08 [Thread-9] DEBUG server.server.UDPDatagramChannel - Сервер отправил пакет: Response{message="", type=COLLECTION, collection=[{id=2, name='3', Coordinates={x=3.0, y=3}, creationDate='2025-04-27T18:17:11.632041+03:00[Europe/Moscow]', oscarsCount=3, genre='HORROR', mpaaRating='PG_13', operator=null}, {id=3, name='2', Coordinates={x=2.0, y=2}, creationDate='2025-04-28T20:00:29.878839+03:00[Europe/Moscow]', oscarsCount=2, genre='MUSICAL', mpaaRating='PG', operator=null}, {id=5, name='3', Coordinates={x=3.0, y=3}, creationDate='2025-04-29T16:56:01.724764+03:00[Europe/Moscow]', oscarsCount=3, genre='HORROR', mpaaRating='PG_13', operator=null}, {id=6, name='3', Coordinates={x=3.0, y=3}, creationDate='2025-04-29T16:56:01.724764+03:00[Europe/Moscow]', oscarsCount=3, genre='HORROR', mpaaRating='PG_13', operator=null}, {id=8, name='3', Coordinates={x=3.0, y=3}, creationDate='2025-04-29T17:02:57.235308+03:00[Europe/Moscow]', oscarsCount=3, genre='HORROR', mpaaRating='PG_13', operator=null}, {id=10, name='3', Coordinates={x=3.0, y=3}, creationDate='2025-04-29T17:14:23.392691+03:00[Europe/Moscow]', oscarsCount=3, genre='HORROR', mpaaRating='PG_13', operator=null}]}
2025-04-29 17:17:08 [main] DEBUG client.client.UDPClient - Ответ получен: Response{message="", type=COLLECTION, collection=[{id=2, name='3', Coordinates={x=3.0, y=3}, creationDate='2025-04-27T18:17:11.632041+03:00[Europe/Moscow]', oscarsCount=3, genre='HORROR', mpaaRating='PG_13', operator=null}, {id=3, name='2', Coordinates={x=2.0, y=2}, creationDate='2025-04-28T20:00:29.878839+03:00[Europe/Moscow]', oscarsCount=2, genre='MUSICAL', mpaaRating='PG', operator=null}, {id=5, name='3', Coordinates={x=3.0, y=3}, creationDate='2025-04-29T16:56:01.724764+03:00[Europe/Moscow]', oscarsCount=3, genre='HORROR', mpaaRating='PG_13', operator=null}, {id=6, name='3', Coordinates={x=3.0, y=3}, creationDate='2025-04-29T16:56:01.724764+03:00[Europe/Moscow]', oscarsCount=3, genre='HORROR', mpaaRating='PG_13', operator=null}, {id=8, name='3', Coordinates={x=3.0, y=3}, creationDate='2025-04-29T17:02:57.235308+03:00[Europe/Moscow]', oscarsCount=3, genre='HORROR', mpaaRating='PG_13', operator=null}, {id=10, name='3', Coordinates={x=3.0, y=3}, creationDate='2025-04-29T17:14:23.392691+03:00[Europe/Moscow]', oscarsCount=3, genre='HORROR', mpaaRating='PG_13', operator=null}]}
2025-04-29 17:17:10 [main] INFO  client.commands.buildcommands.Add - Команда выполняется...
2025-04-29 17:17:10 [main] DEBUG client.commands.buildcommands.Add - Заполнение Movie...
2025-04-29 17:17:10 [main] DEBUG client.commands.buildcommands.Add - Заполнение имени...
2025-04-29 17:17:11 [main] DEBUG client.commands.buildcommands.Add - Имя заполнено
2025-04-29 17:17:11 [main] DEBUG client.commands.buildcommands.Add - Заполнение координат...
2025-04-29 17:17:11 [main] DEBUG client.commands.buildcommands.Add - Заполнение х...
2025-04-29 17:17:11 [main] DEBUG client.commands.buildcommands.Add - х заполнен
2025-04-29 17:17:11 [main] DEBUG client.commands.buildcommands.Add - Заполнение y
2025-04-29 17:17:12 [main] DEBUG client.commands.buildcommands.Add - y заполнен
2025-04-29 17:17:12 [main] DEBUG client.commands.buildcommands.Add - Координаты заполнены
2025-04-29 17:17:12 [main] DEBUG client.commands.buildcommands.Add - Заполнение кол-ва оскаров...
2025-04-29 17:17:12 [main] DEBUG client.commands.buildcommands.Add - Кол-во оскаров заполнено
2025-04-29 17:17:12 [main] DEBUG client.commands.buildcommands.Add - Заполнение жанра...
2025-04-29 17:17:13 [main] DEBUG client.commands.buildcommands.Add - Жанр заполнен
2025-04-29 17:17:13 [main] DEBUG client.commands.buildcommands.Add - Заполнение мпаа рейтинга...
2025-04-29 17:17:14 [main] DEBUG client.commands.buildcommands.Add - Мпаа рейтинг заполнен
2025-04-29 17:17:16 [main] DEBUG client.commands.buildcommands.Add - Movie заполнен
2025-04-29 17:17:16 [main] DEBUG client.client.UDPClient - Отправка запроса на сервер...
2025-04-29 17:17:16 [main] DEBUG server.server.UDPDatagramChannel - Сервер ожидает пакет...
2025-04-29 17:17:16 [main] DEBUG server.server.UDPDatagramChannel - Клиент с адресом /127.0.0.1:35858 подключился
2025-04-29 17:17:16 [main] DEBUG client.client.UDPClient - Запрос отправлен: Request{message="add", clientAddress="/127.0.1.1:35858"}
2025-04-29 17:17:16 [main] DEBUG client.client.UDPClient - Ожидание ответа от сервера...
2025-04-29 17:17:16 [main] DEBUG server.server.UDPDatagramChannel - Сервер получил пакет: Request{message="add", clientAddress="/127.0.1.1:35858"} 
2025-04-29 17:17:16 [pool-2-thread-2] DEBUG server.managers.PSQLManager - Добавление данных в БД: {id=12, name='3', Coordinates={x=3.0, y=3}, creationDate='2025-04-29T17:17:16.553973829+03:00[Europe/Moscow]', oscarsCount=3, genre='HORROR', mpaaRating='PG_13', operator=null}...
2025-04-29 17:17:16 [pool-2-thread-2] INFO  server.managers.PSQLManager - SSH туннель установлен
2025-04-29 17:17:17 [pool-2-thread-2] INFO  server.managers.PSQLManager - БД подключена
2025-04-29 17:17:17 [pool-2-thread-2] DEBUG server.managers.PSQLManager - Данные в БД добавлены
2025-04-29 17:17:17 [pool-2-thread-2] DEBUG server.managers.PSQLManager - Отключение от БД
2025-04-29 17:17:17 [Thread-14] DEBUG server.server.UDPDatagramChannel - Сервер отправляет ответ...
2025-04-29 17:17:17 [main] DEBUG client.client.UDPClient - Ответ получен: Response{message="[32mЭлемент успешно добавлен
[0m", type=PRINT_MESSAGE, collection=null}
2025-04-29 17:17:17 [Thread-14] DEBUG server.server.UDPDatagramChannel - Сервер отправил пакет: Response{message="[32mЭлемент успешно добавлен
[0m", type=PRINT_MESSAGE, collection=null}
2025-04-29 17:17:17 [main] INFO  client.commands.buildcommands.Add - Команда выполнена
2025-04-29 17:17:19 [main] DEBUG client.client.UDPClient - Отправка запроса на сервер...
2025-04-29 17:17:19 [main] DEBUG server.server.UDPDatagramChannel - Сервер ожидает пакет...
2025-04-29 17:17:19 [main] DEBUG server.server.UDPDatagramChannel - Клиент с адресом /127.0.0.1:35858 подключился
2025-04-29 17:17:19 [main] DEBUG client.client.UDPClient - Запрос отправлен: Request{message="show", clientAddress="/127.0.1.1:35858"}
2025-04-29 17:17:19 [main] DEBUG client.client.UDPClient - Ожидание ответа от сервера...
2025-04-29 17:17:19 [main] DEBUG server.server.UDPDatagramChannel - Сервер получил пакет: Request{message="show", clientAddress="/127.0.1.1:35858"} 
2025-04-29 17:17:19 [Thread-16] DEBUG server.server.UDPDatagramChannel - Сервер отправляет ответ...
2025-04-29 17:17:19 [Thread-16] DEBUG server.server.UDPDatagramChannel - Сервер отправил пакет: Response{message="", type=COLLECTION, collection=[{id=2, name='3', Coordinates={x=3.0, y=3}, creationDate='2025-04-27T18:17:11.632041+03:00[Europe/Moscow]', oscarsCount=3, genre='HORROR', mpaaRating='PG_13', operator=null}, {id=3, name='2', Coordinates={x=2.0, y=2}, creationDate='2025-04-28T20:00:29.878839+03:00[Europe/Moscow]', oscarsCount=2, genre='MUSICAL', mpaaRating='PG', operator=null}, {id=5, name='3', Coordinates={x=3.0, y=3}, creationDate='2025-04-29T16:56:01.724764+03:00[Europe/Moscow]', oscarsCount=3, genre='HORROR', mpaaRating='PG_13', operator=null}, {id=6, name='3', Coordinates={x=3.0, y=3}, creationDate='2025-04-29T16:56:01.724764+03:00[Europe/Moscow]', oscarsCount=3, genre='HORROR', mpaaRating='PG_13', operator=null}, {id=8, name='3', Coordinates={x=3.0, y=3}, creationDate='2025-04-29T17:02:57.235308+03:00[Europe/Moscow]', oscarsCount=3, genre='HORROR', mpaaRating='PG_13', operator=null}, {id=10, name='3', Coordinates={x=3.0, y=3}, creationDate='2025-04-29T17:14:23.392691+03:00[Europe/Moscow]', oscarsCount=3, genre='HORROR', mpaaRating='PG_13', operator=null}, {id=12, name='3', Coordinates={x=3.0, y=3}, creationDate='2025-04-29T17:17:16.553973829+03:00[Europe/Moscow]', oscarsCount=3, genre='HORROR', mpaaRating='PG_13', operator=null}]}
2025-04-29 17:17:19 [main] DEBUG client.client.UDPClient - Ответ получен: Response{message="", type=COLLECTION, collection=[{id=2, name='3', Coordinates={x=3.0, y=3}, creationDate='2025-04-27T18:17:11.632041+03:00[Europe/Moscow]', oscarsCount=3, genre='HORROR', mpaaRating='PG_13', operator=null}, {id=3, name='2', Coordinates={x=2.0, y=2}, creationDate='2025-04-28T20:00:29.878839+03:00[Europe/Moscow]', oscarsCount=2, genre='MUSICAL', mpaaRating='PG', operator=null}, {id=5, name='3', Coordinates={x=3.0, y=3}, creationDate='2025-04-29T16:56:01.724764+03:00[Europe/Moscow]', oscarsCount=3, genre='HORROR', mpaaRating='PG_13', operator=null}, {id=6, name='3', Coordinates={x=3.0, y=3}, creationDate='2025-04-29T16:56:01.724764+03:00[Europe/Moscow]', oscarsCount=3, genre='HORROR', mpaaRating='PG_13', operator=null}, {id=8, name='3', Coordinates={x=3.0, y=3}, creationDate='2025-04-29T17:02:57.235308+03:00[Europe/Moscow]', oscarsCount=3, genre='HORROR', mpaaRating='PG_13', operator=null}, {id=10, name='3', Coordinates={x=3.0, y=3}, creationDate='2025-04-29T17:14:23.392691+03:00[Europe/Moscow]', oscarsCount=3, genre='HORROR', mpaaRating='PG_13', operator=null}, {id=12, name='3', Coordinates={x=3.0, y=3}, creationDate='2025-04-29T17:17:16.553973829+03:00[Europe/Moscow]', oscarsCount=3, genre='HORROR', mpaaRating='PG_13', operator=null}]}
2025-04-29 17:17:21 [main] DEBUG client.client.UDPClient - Отправка запроса на сервер...
2025-04-29 17:17:21 [main] DEBUG server.server.UDPDatagramChannel - Сервер ожидает пакет...
2025-04-29 17:17:21 [main] DEBUG client.client.UDPClient - Запрос отправлен: Request{message="show", clientAddress="/127.0.1.1:35858"}
2025-04-29 17:17:21 [main] DEBUG server.server.UDPDatagramChannel - Клиент с адресом /127.0.0.1:35858 подключился
2025-04-29 17:17:21 [main] DEBUG client.client.UDPClient - Ожидание ответа от сервера...
2025-04-29 17:17:21 [main] DEBUG server.server.UDPDatagramChannel - Сервер получил пакет: Request{message="show", clientAddress="/127.0.1.1:35858"} 
2025-04-29 17:17:21 [Thread-18] DEBUG server.server.UDPDatagramChannel - Сервер отправляет ответ...
2025-04-29 17:17:21 [Thread-18] DEBUG server.server.UDPDatagramChannel - Сервер отправил пакет: Response{message="", type=COLLECTION, collection=[{id=2, name='3', Coordinates={x=3.0, y=3}, creationDate='2025-04-27T18:17:11.632041+03:00[Europe/Moscow]', oscarsCount=3, genre='HORROR', mpaaRating='PG_13', operator=null}, {id=3, name='2', Coordinates={x=2.0, y=2}, creationDate='2025-04-28T20:00:29.878839+03:00[Europe/Moscow]', oscarsCount=2, genre='MUSICAL', mpaaRating='PG', operator=null}, {id=5, name='3', Coordinates={x=3.0, y=3}, creationDate='2025-04-29T16:56:01.724764+03:00[Europe/Moscow]', oscarsCount=3, genre='HORROR', mpaaRating='PG_13', operator=null}, {id=6, name='3', Coordinates={x=3.0, y=3}, creationDate='2025-04-29T16:56:01.724764+03:00[Europe/Moscow]', oscarsCount=3, genre='HORROR', mpaaRating='PG_13', operator=null}, {id=8, name='3', Coordinates={x=3.0, y=3}, creationDate='2025-04-29T17:02:57.235308+03:00[Europe/Moscow]', oscarsCount=3, genre='HORROR', mpaaRating='PG_13', operator=null}, {id=10, name='3', Coordinates={x=3.0, y=3}, creationDate='2025-04-29T17:14:23.392691+03:00[Europe/Moscow]', oscarsCount=3, genre='HORROR', mpaaRating='PG_13', operator=null}, {id=12, name='3', Coordinates={x=3.0, y=3}, creationDate='2025-04-29T17:17:16.553973829+03:00[Europe/Moscow]', oscarsCount=3, genre='HORROR', mpaaRating='PG_13', operator=null}]}
2025-04-29 17:17:21 [main] DEBUG client.client.UDPClient - Ответ получен: Response{message="", type=COLLECTION, collection=[{id=2, name='3', Coordinates={x=3.0, y=3}, creationDate='2025-04-27T18:17:11.632041+03:00[Europe/Moscow]', oscarsCount=3, genre='HORROR', mpaaRating='PG_13', operator=null}, {id=3, name='2', Coordinates={x=2.0, y=2}, creationDate='2025-04-28T20:00:29.878839+03:00[Europe/Moscow]', oscarsCount=2, genre='MUSICAL', mpaaRating='PG', operator=null}, {id=5, name='3', Coordinates={x=3.0, y=3}, creationDate='2025-04-29T16:56:01.724764+03:00[Europe/Moscow]', oscarsCount=3, genre='HORROR', mpaaRating='PG_13', operator=null}, {id=6, name='3', Coordinates={x=3.0, y=3}, creationDate='2025-04-29T16:56:01.724764+03:00[Europe/Moscow]', oscarsCount=3, genre='HORROR', mpaaRating='PG_13', operator=null}, {id=8, name='3', Coordinates={x=3.0, y=3}, creationDate='2025-04-29T17:02:57.235308+03:00[Europe/Moscow]', oscarsCount=3, genre='HORROR', mpaaRating='PG_13', operator=null}, {id=10, name='3', Coordinates={x=3.0, y=3}, creationDate='2025-04-29T17:14:23.392691+03:00[Europe/Moscow]', oscarsCount=3, genre='HORROR', mpaaRating='PG_13', operator=null}, {id=12, name='3', Coordinates={x=3.0, y=3}, creationDate='2025-04-29T17:17:16.553973829+03:00[Europe/Moscow]', oscarsCount=3, genre='HORROR', mpaaRating='PG_13', operator=null}]}
2025-04-29 17:25:09 [main] DEBUG client.client.UDPClient - Отправка запроса на сервер...
2025-04-29 17:25:09 [main] DEBUG client.client.UDPClient - Запрос отправлен: Request{message="clear", clientAddress="/127.0.1.1:35858"}
2025-04-29 17:25:09 [main] DEBUG server.server.UDPDatagramChannel - Сервер ожидает пакет...
2025-04-29 17:25:09 [main] DEBUG client.client.UDPClient - Ожидание ответа от сервера...
2025-04-29 17:25:09 [main] DEBUG server.server.UDPDatagramChannel - Клиент с адресом /127.0.0.1:35858 подключился
2025-04-29 17:25:09 [main] DEBUG server.server.UDPDatagramChannel - Сервер получил пакет: Request{message="clear", clientAddress="/127.0.1.1:35858"} 
2025-04-29 17:25:09 [pool-2-thread-3] INFO  server.commands.Clear - Команда выполняется...
2025-04-29 17:25:09 [pool-2-thread-3] INFO  server.managers.PSQLManager - SSH туннель установлен
2025-04-29 17:25:09 [pool-2-thread-3] INFO  server.managers.PSQLManager - БД подключена
2025-04-29 17:25:10 [pool-2-thread-3] DEBUG server.managers.PSQLManager - Отключение от БД
2025-04-29 17:25:10 [pool-2-thread-3] INFO  server.managers.PSQLManager - SSH туннель установлен
2025-04-29 17:25:10 [pool-2-thread-3] INFO  server.managers.PSQLManager - БД подключена
2025-04-29 17:25:10 [pool-2-thread-3] DEBUG server.managers.PSQLManager - Отключение от БД
2025-04-29 17:25:11 [pool-2-thread-3] INFO  server.managers.PSQLManager - SSH туннель установлен
2025-04-29 17:25:11 [pool-2-thread-3] INFO  server.managers.PSQLManager - БД подключена
2025-04-29 17:25:11 [pool-2-thread-3] DEBUG server.managers.PSQLManager - Отключение от БД
2025-04-29 17:25:11 [pool-2-thread-3] INFO  server.managers.PSQLManager - SSH туннель установлен
2025-04-29 17:25:11 [pool-2-thread-3] INFO  server.managers.PSQLManager - БД подключена
2025-04-29 17:25:12 [pool-2-thread-3] DEBUG server.managers.PSQLManager - Отключение от БД
2025-04-29 17:25:12 [pool-2-thread-3] INFO  server.managers.PSQLManager - SSH туннель установлен
2025-04-29 17:25:12 [pool-2-thread-3] INFO  server.managers.PSQLManager - БД подключена
2025-04-29 17:25:12 [pool-2-thread-3] DEBUG server.managers.PSQLManager - Отключение от БД
2025-04-29 17:25:12 [pool-2-thread-3] INFO  server.managers.PSQLManager - SSH туннель установлен
2025-04-29 17:25:12 [pool-2-thread-3] INFO  server.managers.PSQLManager - БД подключена
2025-04-29 17:25:12 [pool-2-thread-3] DEBUG server.managers.PSQLManager - Отключение от БД
2025-04-29 17:25:12 [pool-2-thread-3] INFO  server.commands.Clear - Команда выполнена
2025-04-29 17:25:12 [Thread-38] DEBUG server.server.UDPDatagramChannel - Сервер отправляет ответ...
2025-04-29 17:25:12 [Thread-38] DEBUG server.server.UDPDatagramChannel - Сервер отправил пакет: Response{message="[32mКоллекция очищена
[0m", type=PRINT_MESSAGE, collection=null}
2025-04-29 17:25:12 [main] DEBUG client.client.UDPClient - Ответ получен: Response{message="[32mКоллекция очищена
[0m", type=PRINT_MESSAGE, collection=null}
2025-04-29 17:25:26 [main] DEBUG client.client.UDPClient - Отправка запроса на сервер...
2025-04-29 17:25:26 [main] DEBUG server.server.UDPDatagramChannel - Сервер ожидает пакет...
2025-04-29 17:25:26 [main] DEBUG client.client.UDPClient - Запрос отправлен: Request{message="show", clientAddress="/127.0.1.1:35858"}
2025-04-29 17:25:26 [main] DEBUG server.server.UDPDatagramChannel - Клиент с адресом /127.0.0.1:35858 подключился
2025-04-29 17:25:26 [main] DEBUG client.client.UDPClient - Ожидание ответа от сервера...
2025-04-29 17:25:26 [main] DEBUG server.server.UDPDatagramChannel - Сервер получил пакет: Request{message="show", clientAddress="/127.0.1.1:35858"} 
2025-04-29 17:25:26 [Thread-40] DEBUG server.server.UDPDatagramChannel - Сервер отправляет ответ...
2025-04-29 17:25:26 [main] DEBUG client.client.UDPClient - Ответ получен: Response{message="", type=COLLECTION, collection=[{id=2, name='3', Coordinates={x=3.0, y=3}, creationDate='2025-04-27T18:17:11.632041+03:00[Europe/Moscow]', oscarsCount=3, genre='HORROR', mpaaRating='PG_13', operator=null}]}
2025-04-29 17:25:26 [Thread-40] DEBUG server.server.UDPDatagramChannel - Сервер отправил пакет: Response{message="", type=COLLECTION, collection=[{id=2, name='3', Coordinates={x=3.0, y=3}, creationDate='2025-04-27T18:17:11.632041+03:00[Europe/Moscow]', oscarsCount=3, genre='HORROR', mpaaRating='PG_13', operator=null}]}
